#
# There is insufficient memory for the Java Runtime Environment to continue.
# Native memory allocation (mmap) failed to map 268435456 bytes for Failed to commit area from 0x0000000701a00000 to 0x0000000711a00000 of length 268435456.
# Possible reasons:
#   The system is out of physical RAM or swap space
#   The process is running with CompressedOops enabled, and the Java Heap may be blocking the growth of the native heap
# Possible solutions:
#   Reduce memory load on the system
#   Increase physical memory or swap space
#   Check if swap backing store is full
#   Decrease Java heap size (-Xmx/-Xms)
#   Decrease number of Java threads
#   Decrease Java thread stack sizes (-Xss)
#   Set larger code cache with -XX:ReservedCodeCacheSize=
# This output file may be truncated or incomplete.
#
#  Out of Memory Error (./src/hotspot/os/windows/os_windows.cpp:3521), pid=13472, tid=12392
#
# JRE version:  (11.0.12+7) (build )
# Java VM: OpenJDK 64-Bit Server VM (11.0.12+7-b1504.28-7817840, mixed mode, sharing, tiered, compressed oops, g1 gc, windows-amd64)
# No core dump will be written. Minidumps are not enabled by default on client versions of Windows
#

---------------  S U M M A R Y ------------

Command Line: git4idea.http.GitAskPassApp Username for 'https://github.com': 

Host: Intel(R) Core(TM) i7-4770 CPU @ 3.40GHz, 8 cores, 15G,  Windows 10 , 64 bit Build 19041 (10.0.19041.1889)
Time: Tue Aug 16 21:55:32 2022 Egypt Standard Time elapsed time: 0.106157 seconds (0d 0h 0m 0s)

---------------  T H R E A D  ---------------

Current thread (0x000001a0092bb000):  JavaThread "Unknown thread" [_thread_in_vm, id=12392, stack(0x00000071d1b00000,0x00000071d1c00000)]

Stack: [0x00000071d1b00000,0x00000071d1c00000]
Native frames: (J=compiled Java code, j=interpreted, Vv=VM code, C=native code)
V  [jvm.dll+0x5fbcea]
V  [jvm.dll+0x731905]
V  [jvm.dll+0x732f1d]
V  [jvm.dll+0x7335d3]
V  [jvm.dll+0x247bf8]
V  [jvm.dll+0x5f90b4]
V  [jvm.dll+0x5edc85]
V  [jvm.dll+0x305aeb]
V  [jvm.dll+0x305a5a]
V  [jvm.dll+0x305932]
V  [jvm.dll+0x30a896]
V  [jvm.dll+0x353803]
V  [jvm.dll+0x353f06]
V  [jvm.dll+0x353903]
V  [jvm.dll+0x2e0678]
V  [jvm.dll+0x2e1827]
V  [jvm.dll+0x710037]
V  [jvm.dll+0x71182c]
V  [jvm.dll+0x360da9]
V  [jvm.dll+0x6f390e]
V  [jvm.dll+0x3c9723]
V  [jvm.dll+0x3cb9b1]
C  [jli.dll+0x536b]
C  [ucrtbase.dll+0x21bb2]
C  [KERNEL32.DLL+0x17034]
C  [ntdll.dll+0x52651]


---------------  P R O C E S S  ---------------

Threads class SMR info:
_java_thread_list=0x000001a0079003b0, length=0, elements={
}

Java Threads: ( => current thread )

Other Threads:
  0x000001a0092d2000 GCTaskThread "GC Thread#0" [stack: 0x00000071d1c00000,0x00000071d1d00000] [id=4156]
  0x000001a009330000 ConcurrentGCThread "G1 Main Marker" [stack: 0x00000071d1d00000,0x00000071d1e00000] [id=2628]
  0x000001a009332800 ConcurrentGCThread "G1 Conc#0" [stack: 0x00000071d1e00000,0x00000071d1f00000] [id=15108]

[error occurred during error reporting (printing all threads), id 0xc0000005, EXCEPTION_ACCESS_VIOLATION (0xc0000005) at pc=0x00007ffc06220be7]

VM state:not at safepoint (not fully initialized)

VM Mutex/Monitor currently owned by a thread:  ([mutex/lock_event])
[0x000001a0092b7ae0] Heap_lock - owner thread: 0x000001a0092bb000

Heap address: 0x0000000701a00000, size: 4070 MB, Compressed Oops mode: Non-zero based: 0x0000000701a00000
Narrow klass base: 0x0000000000000000, Narrow klass shift: 0

GC Heap History (0 events):
No events

Deoptimization events (0 events):
No events

Classes redefined (0 events):
No events

Internal exceptions (0 events):
No events

Events (1 events):
Event: 0.011 Loaded shared library C:\Program Files\Android\Android Studio\jre\bin\zip.dll


Dynamic libraries:
0x00007ff72ef50000 - 0x00007ff72ef5a000 	C:\Program Files\Android\Android Studio\jre\bin\java.exe
0x00007ffc694b0000 - 0x00007ffc696a8000 	C:\WINDOWS\SYSTEM32\ntdll.dll
0x00007ffc69200000 - 0x00007ffc692bd000 	C:\WINDOWS\System32\KERNEL32.DLL
0x00007ffc67240000 - 0x00007ffc6750e000 	C:\WINDOWS\System32\KERNELBASE.dll
0x00007ffc66d50000 - 0x00007ffc66e50000 	C:\WINDOWS\System32\ucrtbase.dll
0x00007ffc3be90000 - 0x00007ffc3bea9000 	C:\Program Files\Android\Android Studio\jre\bin\jli.dll
0x00007ffc3be10000 - 0x00007ffc3be27000 	C:\Program Files\Android\Android Studio\jre\bin\VCRUNTIME140.dll
0x00007ffc69060000 - 0x00007ffc69200000 	C:\WINDOWS\System32\USER32.dll
0x00007ffc66e50000 - 0x00007ffc66e72000 	C:\WINDOWS\System32\win32u.dll
0x00007ffc68f90000 - 0x00007ffc68fba000 	C:\WINDOWS\System32\GDI32.dll
0x00007ffc57a30000 - 0x00007ffc57cca000 	C:\WINDOWS\WinSxS\amd64_microsoft.windows.common-controls_6595b64144ccf1df_6.0.19041.1110_none_60b5254171f9507e\COMCTL32.dll
0x00007ffc66eb0000 - 0x00007ffc66fbb000 	C:\WINDOWS\System32\gdi32full.dll
0x00007ffc675c0000 - 0x00007ffc6765e000 	C:\WINDOWS\System32\msvcrt.dll
0x00007ffc66bd0000 - 0x00007ffc66c6d000 	C:\WINDOWS\System32\msvcp_win.dll
0x00007ffc67720000 - 0x00007ffc67750000 	C:\WINDOWS\System32\IMM32.DLL
0x00007ffc0ce20000 - 0x00007ffc0cebd000 	C:\Program Files\Android\Android Studio\jre\bin\msvcp140.dll
0x00007ffc05f30000 - 0x00007ffc06a15000 	C:\Program Files\Android\Android Studio\jre\bin\server\jvm.dll
0x00007ffc67ee0000 - 0x00007ffc67f8e000 	C:\WINDOWS\System32\ADVAPI32.dll
0x00007ffc68fc0000 - 0x00007ffc6905c000 	C:\WINDOWS\System32\sechost.dll
0x00007ffc68e60000 - 0x00007ffc68f85000 	C:\WINDOWS\System32\RPCRT4.dll
0x00007ffc67f90000 - 0x00007ffc67f98000 	C:\WINDOWS\System32\PSAPI.DLL
0x00007ffc53f30000 - 0x00007ffc53f39000 	C:\WINDOWS\SYSTEM32\WSOCK32.dll
0x00007ffc5e9b0000 - 0x00007ffc5e9d7000 	C:\WINDOWS\SYSTEM32\WINMM.dll
0x00007ffc68210000 - 0x00007ffc6827b000 	C:\WINDOWS\System32\WS2_32.dll
0x00007ffc5e9a0000 - 0x00007ffc5e9aa000 	C:\WINDOWS\SYSTEM32\VERSION.dll
0x00007ffc64af0000 - 0x00007ffc64b02000 	C:\WINDOWS\SYSTEM32\kernel.appcore.dll
0x00007ffc52b80000 - 0x00007ffc52b91000 	C:\Program Files\Android\Android Studio\jre\bin\verify.dll
0x00007ffc5ac20000 - 0x00007ffc5ae04000 	C:\WINDOWS\SYSTEM32\DBGHELP.DLL
0x00007ffc58870000 - 0x00007ffc5889c000 	C:\WINDOWS\SYSTEM32\dbgcore.DLL
0x00007ffc66c70000 - 0x00007ffc66cf2000 	C:\WINDOWS\System32\bcryptPrimitives.dll
0x00007ffc52b50000 - 0x00007ffc52b79000 	C:\Program Files\Android\Android Studio\jre\bin\java.dll
0x00007ffc604e0000 - 0x00007ffc604eb000 	C:\Program Files\Android\Android Studio\jre\bin\jimage.dll
0x00007ffc52b30000 - 0x00007ffc52b48000 	C:\Program Files\Android\Android Studio\jre\bin\zip.dll

dbghelp: loaded successfully - version: 4.0.5 - missing functions: none
symbol engine: initialized successfully - sym options: 0x614 - pdb path: .;C:\Program Files\Android\Android Studio\jre\bin;C:\WINDOWS\SYSTEM32;C:\WINDOWS\WinSxS\amd64_microsoft.windows.common-controls_6595b64144ccf1df_6.0.19041.1110_none_60b5254171f9507e;C:\Program Files\Android\Android Studio\jre\bin\server

VM Arguments:
java_command: git4idea.http.GitAskPassApp Username for 'https://github.com': 
java_class_path (initial): C:/Program Files/Android/Android Studio/plugins/git4idea/lib/git4idea-rt.jar;C:/Program Files/Android/Android Studio/lib/xmlrpc-2.0.1.jar;C:/Program Files/Android/Android Studio/lib/commons-codec-1.15.jar
Launcher Type: SUN_STANDARD

[Global flags]
     intx CICompilerCount                          = 4                                         {product} {ergonomic}
     uint ConcGCThreads                            = 2                                         {product} {ergonomic}
     uint G1ConcRefinementThreads                  = 8                                         {product} {ergonomic}
   size_t G1HeapRegionSize                         = 1048576                                   {product} {ergonomic}
    uintx GCDrainStackTargetSize                   = 64                                        {product} {ergonomic}
   size_t InitialHeapSize                          = 268435456                                 {product} {ergonomic}
   size_t MarkStackSize                            = 4194304                                   {product} {ergonomic}
   size_t MaxHeapSize                              = 4267704320                                {product} {ergonomic}
   size_t MinHeapDeltaBytes                        = 1048576                                   {product} {ergonomic}
    uintx NonNMethodCodeHeapSize                   = 5836300                                {pd product} {ergonomic}
    uintx NonProfiledCodeHeapSize                  = 122910970                              {pd product} {ergonomic}
    uintx ProfiledCodeHeapSize                     = 122910970                              {pd product} {ergonomic}
    uintx ReservedCodeCacheSize                    = 251658240                              {pd product} {ergonomic}
     bool SegmentedCodeCache                       = true                                      {product} {ergonomic}
     bool UseCompressedClassPointers               = true                                 {lp64_product} {ergonomic}
     bool UseCompressedOops                        = true                                 {lp64_product} {ergonomic}
     bool UseG1GC                                  = true                                      {product} {ergonomic}
     bool UseLargePagesIndividualAllocation        = false                                  {pd product} {ergonomic}

Logging:
Log output configuration:
 #0: stdout all=warning uptime,level,tags
 #1: stderr all=off uptime,level,tags

Environment Variables:
PATH=C:\Program Files\Git\mingw64\libexec\git-core;C:\Program Files\Git\mingw64\libexec\git-core;C:\Program Files\Git\mingw64\bin;C:\Program Files\Git\usr\bin;C:\Users\George\bin;C:\WINDOWS\system32;C:\WINDOWS;C:\WINDOWS\System32\Wbem;C:\WINDOWS\System32\WindowsPowerShell\v1.0;C:\WINDOWS\System32\OpenSSH;C:\Users\George\AppData\Local\Microsoft\WindowsApps
USERNAME=George
DISPLAY=:0.0
LC_ALL=en_US.UTF-8
OS=Windows_NT
PROCESSOR_IDENTIFIER=Intel64 Family 6 Model 60 Stepping 3, GenuineIntel



---------------  S Y S T E M  ---------------

OS: Windows 10 , 64 bit Build 19041 (10.0.19041.1889)
OS uptime: 2 days 19:26 hours

CPU:total 8 (initial active 8) (4 cores per cpu, 2 threads per core) family 6 model 60 stepping 3 microcode 0x27, cmov, cx8, fxsr, mmx, sse, sse2, sse3, ssse3, sse4.1, sse4.2, popcnt, avx, avx2, aes, clmul, erms, lzcnt, ht, tsc, tscinvbit, bmi1, bmi2, fma

Memory: 4k page, system-wide physical 16274M (2429M free)
TotalPageFile size 19204M (AvailPageFile size 252M)
current process WorkingSet (physical memory assigned to process): 10M, peak: 10M
current process commit charge ("private bytes"): 60M, peak: 316M

vm_info: OpenJDK 64-Bit Server VM (11.0.12+7-b1504.28-7817840) for windows-amd64 JRE (11.0.12+7-b1504.28-7817840), built on Oct 13 2021 22:12:33 by "builder" with MS VC++ 14.0 (VS2015)

END.
